TN:
SF:background.js
FN:22,(anonymous_0)
FN:38,(anonymous_1)
FN:46,(anonymous_2)
FN:47,(anonymous_3)
FN:164,getAdPlaceholder
FN:171,getSettings
FN:176,updateTodos
FN:181,checkPremiumStatus
FN:186,getProductivityTips
FNF:9
FNH:8
FNDA:2,(anonymous_0)
FNDA:1,(anonymous_1)
FNDA:1,(anonymous_2)
FNDA:0,(anonymous_3)
FNDA:1,getAdPlaceholder
FNDA:3,getSettings
FNDA:1,updateTodos
FNDA:1,checkPremiumStatus
FNDA:1,getProductivityTips
DA:4,12
DA:5,12
DA:6,12
DA:9,12
DA:22,12
DA:23,2
DA:24,2
DA:26,2
DA:27,1
DA:38,12
DA:39,1
DA:40,1
DA:41,1
DA:46,12
DA:47,1
DA:165,1
DA:172,3
DA:173,3
DA:177,1
DA:178,1
DA:182,1
DA:183,1
DA:187,1
DA:211,12
DA:212,12
LF:25
LH:25
BRDA:26,0,0,1
BRDA:26,0,1,1
BRDA:40,1,0,1
BRDA:40,1,1,0
BRDA:211,2,0,12
BRDA:211,2,1,0
BRDA:211,3,0,12
BRDA:211,3,1,12
BRF:8
BRH:6
end_of_record
TN:
SF:intervention.js
FN:120,renderTodos
FN:158,handleAddTodo
FN:163,(anonymous_2)
FN:216,closeWindow
FN:253,escapeHtml
FN:259,getPriorityEmoji
FNF:6
FNH:5
FNDA:68,renderTodos
FNDA:1,handleAddTodo
FNDA:0,(anonymous_2)
FNDA:1,closeWindow
FNDA:5,escapeHtml
FNDA:8,getPriorityEmoji
DA:3,11
DA:4,11
DA:5,11
DA:6,11
DA:9,11
DA:10,11
DA:11,11
DA:12,11
DA:13,11
DA:14,11
DA:15,11
DA:16,11
DA:17,11
DA:18,11
DA:121,68
DA:159,1
DA:161,1
DA:163,1
DA:164,1
DA:167,0
DA:170,1
DA:177,1
DA:178,1
DA:179,1
DA:180,1
DA:217,1
DA:254,5
DA:255,5
DA:256,5
DA:260,8
DA:261,1
DA:262,1
DA:263,5
DA:268,11
DA:269,11
LF:35
LH:34
BRDA:161,0,0,0
BRDA:161,0,1,1
BRDA:164,1,0,0
BRDA:164,1,1,1
BRDA:164,2,0,1
BRDA:164,2,1,1
BRDA:260,3,0,1
BRDA:260,3,1,1
BRDA:260,3,2,5
BRDA:260,3,3,1
BRDA:268,4,0,11
BRDA:268,4,1,0
BRDA:268,5,0,11
BRDA:268,5,1,11
BRF:14
BRH:11
end_of_record
TN:
SF:options.js
FN:231,isValidDomain
FN:306,escapeHtml
FNF:2
FNH:2
FNDA:5,isValidDomain
FNDA:3,escapeHtml
DA:3,11
DA:12,11
DA:13,11
DA:14,11
DA:15,11
DA:16,11
DA:17,11
DA:18,11
DA:19,11
DA:20,11
DA:21,11
DA:22,11
DA:23,11
DA:24,11
DA:25,11
DA:26,11
DA:27,11
DA:234,5
DA:235,5
DA:307,3
DA:308,3
DA:309,3
DA:312,11
DA:313,11
LF:24
LH:24
BRDA:235,0,0,5
BRDA:235,0,1,3
BRDA:312,1,0,11
BRDA:312,1,1,0
BRDA:312,2,0,11
BRDA:312,2,1,11
BRF:6
BRH:5
end_of_record
TN:
SF:popup.js
FN:65,renderTodos
FN:91,(anonymous_1)
FN:95,(anonymous_2)
FN:101,handleAddTodo
FN:106,(anonymous_4)
FN:151,displayRandomTip
FN:174,escapeHtml
FN:180,getPriorityEmoji
FNF:8
FNH:7
FNDA:1,renderTodos
FNDA:1,(anonymous_1)
FNDA:1,(anonymous_2)
FNDA:1,handleAddTodo
FNDA:0,(anonymous_4)
FNDA:2,displayRandomTip
FNDA:2,escapeHtml
FNDA:4,getPriorityEmoji
DA:3,10
DA:4,10
DA:5,10
DA:8,10
DA:9,10
DA:10,10
DA:11,10
DA:12,10
DA:13,10
DA:14,10
DA:15,10
DA:66,1
DA:91,1
DA:92,1
DA:95,1
DA:96,1
DA:102,1
DA:104,1
DA:106,1
DA:107,1
DA:110,0
DA:113,1
DA:120,1
DA:121,1
DA:122,1
DA:123,1
DA:175,2
DA:176,2
DA:177,2
DA:181,4
DA:182,1
DA:183,1
DA:184,2
DA:189,10
DA:190,10
LF:35
LH:34
BRDA:104,0,0,0
BRDA:104,0,1,1
BRDA:107,1,0,0
BRDA:107,1,1,1
BRDA:107,2,0,1
BRDA:107,2,1,1
BRDA:181,3,0,1
BRDA:181,3,1,1
BRDA:181,3,2,2
BRDA:181,3,3,0
BRDA:189,4,0,10
BRDA:189,4,1,0
BRDA:189,5,0,10
BRDA:189,5,1,10
BRF:14
BRH:10
end_of_record
